

Version:	3.14
CmdLine:	C:\Users\songo\Desktop\Proyecto AED - FaunaDB\Proyecto AED - FaunaDB.exe --l4j-debug
WOW64:		yes
Working dir:	C:\Users\songo\Desktop\Proyecto AED - FaunaDB\.
Java min ver:	1.015.000
Java max ver:	
64-bit search:	SOFTWARE\JavaSoft\Java Development Kit...
32-bit search:	SOFTWARE\JavaSoft\Java Development Kit...
64-bit search:	SOFTWARE\JavaSoft\Java Runtime Environment...
32-bit search:	SOFTWARE\JavaSoft\Java Runtime Environment...
Check:		SOFTWARE\JavaSoft\Java Runtime Environment\1.8
Ignore:		1.008.000
Check:		SOFTWARE\JavaSoft\Java Runtime Environment\1.8.0_311
Ignore:		1.008.000_311
64-bit search:	SOFTWARE\JavaSoft\JDK...
32-bit search:	SOFTWARE\JavaSoft\JDK...
64-bit search:	SOFTWARE\JavaSoft\JRE...
32-bit search:	SOFTWARE\JavaSoft\JRE...
64-bit search:	SOFTWARE\IBM\Java Development Kit...
32-bit search:	SOFTWARE\IBM\Java Development Kit...
64-bit search:	SOFTWARE\IBM\Java Runtime Environment...
32-bit search:	SOFTWARE\IBM\Java Runtime Environment...
64-bit search:	SOFTWARE\IBM\Java Development Kit...
32-bit search:	SOFTWARE\IBM\Java Development Kit...
64-bit search:	SOFTWARE\IBM\Java2 Runtime Environment...
32-bit search:	SOFTWARE\IBM\Java2 Runtime Environment...
Error msg:	This application requires a Java Runtime Environment 1.15
Open URL:	http://java.com/download


Version:	3.14
CmdLine:	C:\Users\songo\Desktop\Proyecto AED - FaunaDB\Proyecto AED - FaunaDB.exe --l4j-debug
WOW64:		yes
Working dir:	C:\Users\songo\Desktop\Proyecto AED - FaunaDB\.
Java min ver:	1.015.000
Java max ver:	
64-bit search:	SOFTWARE\JavaSoft\Java Development Kit...
32-bit search:	SOFTWARE\JavaSoft\Java Development Kit...
64-bit search:	SOFTWARE\JavaSoft\Java Runtime Environment...
32-bit search:	SOFTWARE\JavaSoft\Java Runtime Environment...
Check:		SOFTWARE\JavaSoft\Java Runtime Environment\1.8
Ignore:		1.008.000
Check:		SOFTWARE\JavaSoft\Java Runtime Environment\1.8.0_311
Ignore:		1.008.000_311
64-bit search:	SOFTWARE\JavaSoft\JDK...
32-bit search:	SOFTWARE\JavaSoft\JDK...
64-bit search:	SOFTWARE\JavaSoft\JRE...
32-bit search:	SOFTWARE\JavaSoft\JRE...
64-bit search:	SOFTWARE\IBM\Java Development Kit...
32-bit search:	SOFTWARE\IBM\Java Development Kit...
64-bit search:	SOFTWARE\IBM\Java Runtime Environment...
32-bit search:	SOFTWARE\IBM\Java Runtime Environment...
64-bit search:	SOFTWARE\IBM\Java Development Kit...
32-bit search:	SOFTWARE\IBM\Java Development Kit...
64-bit search:	SOFTWARE\IBM\Java2 Runtime Environment...
32-bit search:	SOFTWARE\IBM\Java2 Runtime Environment...
Error msg:	This application requires a Java Runtime Environment 1.15.0
Open URL:	http://java.com/download


Version:	3.14
CmdLine:	C:\Users\songo\Desktop\Proyecto AED - FaunaDB\Proyecto AED - FaunaDB.exe --l4j-debug
WOW64:		yes
Working dir:	C:\Users\songo\Desktop\Proyecto AED - FaunaDB\.
Java min ver:	1.015.000
Java max ver:	
64-bit search:	SOFTWARE\JavaSoft\Java Runtime Environment...
32-bit search:	SOFTWARE\JavaSoft\Java Runtime Environment...
Check:		SOFTWARE\JavaSoft\Java Runtime Environment\1.8
Ignore:		1.008.000
Check:		SOFTWARE\JavaSoft\Java Runtime Environment\1.8.0_311
Ignore:		1.008.000_311
64-bit search:	SOFTWARE\JavaSoft\JRE...
32-bit search:	SOFTWARE\JavaSoft\JRE...
64-bit search:	SOFTWARE\IBM\Java Runtime Environment...
32-bit search:	SOFTWARE\IBM\Java Runtime Environment...
64-bit search:	SOFTWARE\IBM\Java2 Runtime Environment...
32-bit search:	SOFTWARE\IBM\Java2 Runtime Environment...
Error msg:	This application requires a Java Runtime Environment 1.15.0
Open URL:	http://java.com/download


Version:	3.14
CmdLine:	C:\Users\songo\Desktop\Proyecto AED - FaunaDB\Proyecto AED - FaunaDB.exe --l4j-debug
WOW64:		yes
Working dir:	C:\Users\songo\Desktop\Proyecto AED - FaunaDB\.
Java min ver:	1.012.000
Java max ver:	
64-bit search:	SOFTWARE\JavaSoft\Java Runtime Environment...
32-bit search:	SOFTWARE\JavaSoft\Java Runtime Environment...
Check:		SOFTWARE\JavaSoft\Java Runtime Environment\1.8
Ignore:		1.008.000
Check:		SOFTWARE\JavaSoft\Java Runtime Environment\1.8.0_311
Ignore:		1.008.000_311
64-bit search:	SOFTWARE\JavaSoft\JRE...
32-bit search:	SOFTWARE\JavaSoft\JRE...
64-bit search:	SOFTWARE\IBM\Java Runtime Environment...
32-bit search:	SOFTWARE\IBM\Java Runtime Environment...
64-bit search:	SOFTWARE\IBM\Java2 Runtime Environment...
32-bit search:	SOFTWARE\IBM\Java2 Runtime Environment...
Error msg:	This application requires a Java Runtime Environment 1.12
Open URL:	http://java.com/download


Version:	3.14
CmdLine:	C:\Users\songo\Desktop\Proyecto AED - FaunaDB\Proyecto AED - FaunaDB.exe --l4j-debug
WOW64:		yes
Working dir:	C:\Users\songo\Desktop\Proyecto AED - FaunaDB\.
Java min ver:	1.012.000
Java max ver:	
64-bit search:	SOFTWARE\JavaSoft\Java Development Kit...
32-bit search:	SOFTWARE\JavaSoft\Java Development Kit...
64-bit search:	SOFTWARE\JavaSoft\JDK...
32-bit search:	SOFTWARE\JavaSoft\JDK...
64-bit search:	SOFTWARE\IBM\Java Development Kit...
32-bit search:	SOFTWARE\IBM\Java Development Kit...
64-bit search:	SOFTWARE\IBM\Java Development Kit...
32-bit search:	SOFTWARE\IBM\Java Development Kit...
Error msg:	This application requires a Java Runtime Environment 1.12
Open URL:	http://java.com/download


Version:	3.14
CmdLine:	C:\Users\songo\Desktop\Proyecto AED - FaunaDB\Proyecto AED - FaunaDB.exe --l4j-debug
WOW64:		yes
Working dir:	C:\Users\songo\Desktop\Proyecto AED - FaunaDB\.
Java min ver:	1.000.000
Java max ver:	
64-bit search:	SOFTWARE\JavaSoft\Java Development Kit...
32-bit search:	SOFTWARE\JavaSoft\Java Development Kit...
64-bit search:	SOFTWARE\JavaSoft\JDK...
32-bit search:	SOFTWARE\JavaSoft\JDK...
64-bit search:	SOFTWARE\IBM\Java Development Kit...
32-bit search:	SOFTWARE\IBM\Java Development Kit...
64-bit search:	SOFTWARE\IBM\Java Development Kit...
32-bit search:	SOFTWARE\IBM\Java Development Kit...
Error msg:	This application requires a Java Runtime Environment 1.0
Open URL:	http://java.com/download


Version:	3.14
CmdLine:	C:\Users\songo\Desktop\Proyecto AED - FaunaDB\Proyecto AED - FaunaDB.exe --l4j-debug
WOW64:		yes
Working dir:	C:\Users\songo\Desktop\Proyecto AED - FaunaDB\.
Java min ver:	1.008.000
Java max ver:	1.017.000
64-bit search:	SOFTWARE\JavaSoft\Java Development Kit...
32-bit search:	SOFTWARE\JavaSoft\Java Development Kit...
64-bit search:	SOFTWARE\JavaSoft\Java Runtime Environment...
32-bit search:	SOFTWARE\JavaSoft\Java Runtime Environment...
Check:		SOFTWARE\JavaSoft\Java Runtime Environment\1.8
Check launcher:	C:\Program Files (x86)\Java\jre1.8.0_311\bin\javaw.exe (OK)
Match:		1.008.000
Check:		SOFTWARE\JavaSoft\Java Runtime Environment\1.8.0_311
Check launcher:	C:\Program Files (x86)\Java\jre1.8.0_311\bin\javaw.exe (OK)
Match:		1.008.000_311
64-bit search:	SOFTWARE\JavaSoft\JDK...
32-bit search:	SOFTWARE\JavaSoft\JDK...
64-bit search:	SOFTWARE\JavaSoft\JRE...
32-bit search:	SOFTWARE\JavaSoft\JRE...
Runtime used:	1.008.000_311 (32-bit)
Launcher:	C:\Program Files (x86)\Java\jre1.8.0_311\bin\javaw.exe
Launcher args:	-jar "C:\Users\songo\Desktop\Proyecto AED - FaunaDB\Proyecto AED - FaunaDB.exe"
Args length:	79/32768 chars
Exit code:	0


Version:	3.14
CmdLine:	C:\Users\songo\Desktop\Proyecto AED - FaunaDB\Proyecto AED - FaunaDB.exe --l4j-debug
WOW64:		yes
Working dir:	C:\Users\songo\Desktop\Proyecto AED - FaunaDB\.
Java min ver:	1.008.000
Java max ver:	1.017.000
Bundled JRE(s):	C:\Program Files\AdoptOpenJDK\jdk-16.0.1.9-hotspot
Check launcher:	C:\Program Files\AdoptOpenJDK\jdk-16.0.1.9-hotspot\bin\javaw.exe (OK)
Launcher:	C:\Program Files\AdoptOpenJDK\jdk-16.0.1.9-hotspot\bin\javaw.exe
Launcher args:	-jar "C:\Users\songo\Desktop\Proyecto AED - FaunaDB\Proyecto AED - FaunaDB.exe"
Args length:	79/32768 chars
Exit code:	0


Version:	3.14
CmdLine:	C:\Users\songo\Desktop\Proyecto AED - FaunaDB\Proyecto AED - FaunaDB.exe --l4j-debug
WOW64:		yes
Working dir:	C:\Users\songo\Desktop\Proyecto AED - FaunaDB\.
Java min ver:	1.008.000
Java max ver:	1.017.000
Bundled JRE(s):	C:\Program Files\AdoptOpenJDK\jdk-16.0.1.9-hotspot
Check launcher:	C:\Program Files\AdoptOpenJDK\jdk-16.0.1.9-hotspot\bin\javaw.exe (OK)
Launcher:	C:\Program Files\AdoptOpenJDK\jdk-16.0.1.9-hotspot\bin\javaw.exe
Launcher args:	-jar "C:\Users\songo\Desktop\Proyecto AED - FaunaDB\Proyecto AED - FaunaDB.exe"
Args length:	79/32768 chars
Exit code:	0
